<?xml version="1.0" encoding="UTF-8"?>
<coverage generated="1547196173458" clover="3.2.0">
  <project timestamp="1547196173459" name="All files">
    <metrics statements="22" coveredstatements="14" conditionals="6" coveredconditionals="3" methods="5" coveredmethods="3" elements="33" coveredelements="20" complexity="0" loc="22" ncloc="22" packages="1" files="3" classes="3">
      <file name="curry.ts" path="/Users/jiaoyy/work/myTest/myCurried/src/curry.ts">
        <metrics statements="9" coveredstatements="8" conditionals="4" coveredconditionals="3" methods="3" coveredmethods="3"/>
        <line num="1" count="1" type="stmt"/>
        <line num="2" count="1" type="cond" truecount="1" falsecount="1"/>
        <line num="3" count="0" type="stmt"/>
        <line num="5" count="3" type="stmt"/>
        <line num="6" count="2" type="cond" truecount="2" falsecount="0"/>
        <line num="7" count="1" type="stmt"/>
        <line num="8" count="1" type="stmt"/>
        <line num="13" count="1" type="stmt"/>
        <line num="17" count="1" type="stmt"/>
      </file>
      <file name="index.ts" path="/Users/jiaoyy/work/myTest/myCurried/src/index.ts">
        <metrics statements="4" coveredstatements="4" conditionals="0" coveredconditionals="0" methods="0" coveredmethods="0"/>
        <line num="1" count="1" type="stmt"/>
        <line num="2" count="1" type="stmt"/>
        <line num="5" count="1" type="stmt"/>
        <line num="6" count="1" type="stmt"/>
      </file>
      <file name="partial.ts" path="/Users/jiaoyy/work/myTest/myCurried/src/partial.ts">
        <metrics statements="9" coveredstatements="2" conditionals="2" coveredconditionals="0" methods="2" coveredmethods="0"/>
        <line num="1" count="1" type="stmt"/>
        <line num="2" count="0" type="stmt"/>
        <line num="3" count="0" type="stmt"/>
        <line num="4" count="0" type="stmt"/>
        <line num="5" count="0" type="stmt"/>
        <line num="6" count="0" type="cond" truecount="0" falsecount="2"/>
        <line num="7" count="0" type="stmt"/>
        <line num="11" count="0" type="stmt"/>
        <line num="15" count="1" type="stmt"/>
      </file>
    </metrics>
  </project>
</coverage>
