{"/Users/jiaoyy/work/myTest/myCurried/src/curry.ts": {"path":"/Users/jiaoyy/work/myTest/myCurried/src/curry.ts","statementMap":{"0":{"start":{"line":1,"column":14},"end":{"line":15,"column":1}},"1":{"start":{"line":2,"column":4},"end":{"line":4,"column":5}},"2":{"start":{"line":3,"column":8},"end":{"line":3,"column":44}},"3":{"start":{"line":5,"column":4},"end":{"line":14,"column":5}},"4":{"start":{"line":5,"column":30},"end":{"line":5,"column":43}},"5":{"start":{"line":5,"column":30},"end":{"line":5,"column":44}},"6":{"start":{"line":6,"column":8},"end":{"line":12,"column":9}},"7":{"start":{"line":7,"column":12},"end":{"line":11,"column":13}},"8":{"start":{"line":8,"column":16},"end":{"line":10,"column":18}},"9":{"start":{"line":13,"column":8},"end":{"line":13,"column":36}},"10":{"start":{"line":17,"column":0},"end":{"line":17,"column":21}}},"fnMap":{"0":{"name":"(anonymous_0)","decl":{"start":{"line":1,"column":14},"end":{"line":1,"column":14}},"loc":{"start":{"line":1,"column":27},"end":{"line":15,"column":1}}},"1":{"name":"curriedFn","decl":{"start":{"line":5,"column":20},"end":{"line":5,"column":29}},"loc":{"start":{"line":5,"column":29},"end":{"line":14,"column":5}}},"2":{"name":"(anonymous_2)","decl":{"start":{"line":7,"column":19},"end":{"line":null,"column":-1}},"loc":{"start":{"line":7,"column":19},"end":{"line":11,"column":13}}}},"branchMap":{"0":{"loc":{"start":{"line":2,"column":4},"end":{"line":4,"column":5}},"type":"if","locations":[{"start":{"line":2,"column":4},"end":{"line":4,"column":5}},{"start":{"line":2,"column":4},"end":{"line":4,"column":5}}]},"1":{"loc":{"start":{"line":6,"column":8},"end":{"line":12,"column":9}},"type":"if","locations":[{"start":{"line":6,"column":8},"end":{"line":12,"column":9}},{"start":{"line":6,"column":8},"end":{"line":12,"column":9}}]}},"s":{"0":1,"1":1,"2":0,"3":1,"4":2,"5":3,"6":2,"7":1,"8":1,"9":1,"10":1},"f":{"0":1,"1":2,"2":1},"b":{"0":[0,1],"1":[1,1]}}
,"/Users/jiaoyy/work/myTest/myCurried/src/index.ts": {"path":"/Users/jiaoyy/work/myTest/myCurried/src/index.ts","statementMap":{"0":{"start":{"line":1,"column":0},"end":{"line":1,"column":27}},"1":{"start":{"line":5,"column":4},"end":{"line":5,"column":9}},"2":{"start":{"line":2,"column":0},"end":{"line":2,"column":31}},"3":{"start":{"line":6,"column":4},"end":{"line":6,"column":11}}},"fnMap":{},"branchMap":{},"s":{"0":1,"1":1,"2":1,"3":1},"f":{},"b":{}}
,"/Users/jiaoyy/work/myTest/myCurried/src/partial.ts": {"path":"/Users/jiaoyy/work/myTest/myCurried/src/partial.ts","statementMap":{"0":{"start":{"line":1,"column":16},"end":{"line":14,"column":1}},"1":{"start":{"line":1,"column":31},"end":{"line":1,"column":51}},"2":{"start":{"line":1,"column":31},"end":{"line":1,"column":52}},"3":{"start":{"line":2,"column":15},"end":{"line":2,"column":54}},"4":{"start":{"line":3,"column":4},"end":{"line":12,"column":5}},"5":{"start":{"line":3,"column":21},"end":{"line":3,"column":36}},"6":{"start":{"line":3,"column":21},"end":{"line":3,"column":37}},"7":{"start":{"line":4,"column":18},"end":{"line":4,"column":19}},"8":{"start":{"line":5,"column":8},"end":{"line":9,"column":9}},"9":{"start":{"line":6,"column":12},"end":{"line":8,"column":13}},"10":{"start":{"line":7,"column":16},"end":{"line":7,"column":47}},"11":{"start":{"line":11,"column":8},"end":{"line":11,"column":36}},"12":{"start":{"line":15,"column":0},"end":{"line":15,"column":23}}},"fnMap":{"0":{"name":"(anonymous_0)","decl":{"start":{"line":1,"column":16},"end":{"line":1,"column":16}},"loc":{"start":{"line":1,"column":29},"end":{"line":14,"column":1}}},"1":{"name":"(anonymous_1)","decl":{"start":{"line":3,"column":11},"end":{"line":null,"column":-1}},"loc":{"start":{"line":3,"column":11},"end":{"line":12,"column":5}}}},"branchMap":{"0":{"loc":{"start":{"line":6,"column":12},"end":{"line":8,"column":13}},"type":"if","locations":[{"start":{"line":6,"column":12},"end":{"line":8,"column":13}},{"start":{"line":6,"column":12},"end":{"line":8,"column":13}}]}},"s":{"0":1,"1":0,"2":0,"3":0,"4":0,"5":0,"6":0,"7":0,"8":0,"9":0,"10":0,"11":0,"12":1},"f":{"0":0,"1":0},"b":{"0":[0,0]}}
}
