TN:
SF:/Users/jiaoyy/work/myTest/myCurried/src/curry.ts
FN:1,(anonymous_0)
FN:5,curriedFn
FN:7,(anonymous_2)
FNF:3
FNH:3
FNDA:1,(anonymous_0)
FNDA:2,curriedFn
FNDA:1,(anonymous_2)
DA:1,1
DA:2,1
DA:3,0
DA:5,3
DA:6,2
DA:7,1
DA:8,1
DA:13,1
DA:17,1
LF:9
LH:8
BRDA:2,0,0,0
BRDA:2,0,1,1
BRDA:6,1,0,1
BRDA:6,1,1,1
BRF:4
BRH:3
end_of_record
TN:
SF:/Users/jiaoyy/work/myTest/myCurried/src/index.ts
FNF:0
FNH:0
DA:1,1
DA:2,1
DA:5,1
DA:6,1
LF:4
LH:4
BRF:0
BRH:0
end_of_record
TN:
SF:/Users/jiaoyy/work/myTest/myCurried/src/partial.ts
FN:1,(anonymous_0)
FN:3,(anonymous_1)
FNF:2
FNH:0
FNDA:0,(anonymous_0)
FNDA:0,(anonymous_1)
DA:1,1
DA:2,0
DA:3,0
DA:4,0
DA:5,0
DA:6,0
DA:7,0
DA:11,0
DA:15,1
LF:9
LH:2
BRDA:6,0,0,0
BRDA:6,0,1,0
BRF:2
BRH:0
end_of_record
